This is pdfeTeXk, Version 3.141592-1.21a-2.2 (Web2C 7.5.4) (format=latex 2008.12.10)  31 JAN 2010 19:26
entering extended mode
 file:line:error style messages enabled.
 %&-line parsing enabled.
**a.tex
(./a.tex
LaTeX2e <2003/12/01>
Babel <v3.8d> and hyphenation patterns for american, french, german, ngerman, b
ahasa, basque, bulgarian, catalan, croatian, czech, danish, dutch, esperanto, e
stonian, finnish, greek, icelandic, irish, italian, latin, magyar, norsk, polis
h, portuges, romanian, russian, serbian, slovak, slovene, spanish, swedish, tur
kish, ukrainian, nohyphenation, loaded.
(/usr/share/texmf/tex/latex/base/article.cls
Document Class: article 2004/02/16 v1.4f Standard LaTeX document class
(/usr/share/texmf/tex/latex/base/size10.clo
File: size10.clo 2004/02/16 v1.4f Standard LaTeX file (size option)
)
\c@part=\count79
\c@section=\count80
\c@subsection=\count81
\c@subsubsection=\count82
\c@paragraph=\count83
\c@subparagraph=\count84
\c@figure=\count85
\c@table=\count86
\abovecaptionskip=\skip41
\belowcaptionskip=\skip42
\bibindent=\dimen102
)
(/usr/share/texmf/tex/latex/pstricks/pstricks.sty
Package: pstricks 2004/05/12 v0.2l LaTeX wrapper for `PSTricks' (RN,HV)

(/usr/share/texmf/tex/generic/pstricks/pstricks.tex
`PSTricks' v1.04  <2004/06/22> (tvz)
\pst@dima=\dimen103
\pst@dimb=\dimen104
\pst@dimc=\dimen105
\pst@dimd=\dimen106
\pst@dimg=\dimen107
\pst@dimh=\dimen108
\pst@hbox=\box26
\pst@boxg=\box27
\pst@cnta=\count87
\pst@cntb=\count88
\pst@cntc=\count89
\pst@cntd=\count90
\pst@cntg=\count91
\pst@cnth=\count92
\pst@toks=\toks14
(/usr/share/texmf/tex/generic/pstricks/pstricks.con)
\psunit=\dimen109
\psxunit=\dimen110
\psyunit=\dimen111
\pslinewidth=\dimen112
\pst@customdefs=\toks15
\pslinearc=\dimen113
\everypsbox=\toks16
\psframesep=\dimen114
\pslabelsep=\dimen115
\theoverlaybox=\box28
)
File: pstricks.tex 2004/06/22 v1.04 `PSTricks' (tvz)

(/usr/share/texmf/tex/latex/xcolor/xcolor.sty
Package: xcolor 2004/07/04 v2.00 LaTeX color extensions (UK)

(/usr/share/texmf/tex/latex/graphics/color.cfg
File: color.cfg 2005/02/03 v1.3 color configuration of teTeX/TeXLive
)
Package xcolor Info: Package option `override' ignored on input line 128.
Package xcolor Info: Driver file: dvips.def on input line 136.

(/usr/share/texmf/tex/latex/graphics/dvips.def
File: dvips.def 1999/02/16 v3.0i Driver-dependant file (DPC,SPQR)
)
Package xcolor Info: Color model `cmy' added on input line 972.
Package xcolor Info: Color model `HTML' added on input line 1000.
Package xcolor Info: Color model `HSB' added on input line 1006.
Package xcolor Info: Color model `Gray' added on input line 1012.
))
(/usr/share/texmf/tex/latex/pstricks/pst-plot.sty
Package: pst-plot 2004/07/15 package wrapper for pst-plot.tex

(/usr/share/texmf/tex/generic/pstricks/pst-plot.tex  v97 patch 2, 1999/12/12
(/usr/share/texmf/tex/generic/multido/multido.tex  v1.41, 2004/05/18 <tvz>
\multido@count=\count93
\multidocount=\count94
\multido@stuff=\toks17
))
File: pst-plot.tex 2004/05/18 1.41 `pst-plot' (tvz)
)
(/usr/share/texmf/tex/latex/graphics/epsfig.sty
Package: epsfig 1999/02/16 v1.7a (e)psfig emulation (SPQR)

(/usr/share/texmf/tex/latex/graphics/graphicx.sty
Package: graphicx 1999/02/16 v1.0f Enhanced LaTeX Graphics (DPC,SPQR)

(/usr/share/texmf/tex/latex/graphics/keyval.sty
Package: keyval 1999/03/16 v1.13 key=value parser (DPC)
\KV@toks@=\toks18
)
(/usr/share/texmf/tex/latex/graphics/graphics.sty
Package: graphics 2001/07/07 v1.0n Standard LaTeX Graphics (DPC,SPQR)

(/usr/share/texmf/tex/latex/graphics/trig.sty
Package: trig 1999/03/16 v1.09 sin cos tan (DPC)
)
(/usr/share/texmf/tex/latex/graphics/graphics.cfg
File: graphics.cfg 2005/02/03 v1.3 graphics configuration of teTeX/TeXLive
)
Package graphics Info: Driver file: dvips.def on input line 80.
)
\Gin@req@height=\dimen116
\Gin@req@width=\dimen117
)
\epsfxsize=\dimen118
\epsfysize=\dimen119
) (./a.aux)
\openout1 = `a.aux'.

LaTeX Font Info:    Checking defaults for OML/cmm/m/it on input line 6.
LaTeX Font Info:    ... okay on input line 6.
LaTeX Font Info:    Checking defaults for T1/cmr/m/n on input line 6.
LaTeX Font Info:    ... okay on input line 6.
LaTeX Font Info:    Checking defaults for OT1/cmr/m/n on input line 6.
LaTeX Font Info:    ... okay on input line 6.
LaTeX Font Info:    Checking defaults for OMS/cmsy/m/n on input line 6.
LaTeX Font Info:    ... okay on input line 6.
LaTeX Font Info:    Checking defaults for OMX/cmex/m/n on input line 6.
LaTeX Font Info:    ... okay on input line 6.
LaTeX Font Info:    Checking defaults for U/cmr/m/n on input line 6.
LaTeX Font Info:    ... okay on input line 6.
 (./mu_S.pstex_t
File: mu_S.pstex Graphic file (type eps)
<mu_S.pstex>
LaTeX Font Info:    Calculating math sizes for size <14> on input line 14.
LaTeX Font Info:    External font `cmex10' loaded for size
(Font)              <14> on input line 14.
LaTeX Font Info:    External font `cmex10' loaded for size
(Font)              <9.79996> on input line 14.
LaTeX Font Info:    External font `cmex10' loaded for size
(Font)              <7> on input line 14.
) [1

] (./a.aux) ) 
Here is how much of TeX's memory you used:
 1906 strings out of 94501
 21862 string characters out of 1176788
 87522 words of memory out of 1000000
 5107 multiletter control sequences out of 10000+50000
 4553 words of font info for 17 fonts, out of 500000 for 2000
 580 hyphenation exceptions out of 1000
 32i,10n,40p,223b,205s stack positions out of 1500i,500n,5000p,200000b,5000s

Output written on a.dvi (1 page, 1468 bytes).
